<?xml version="1.0" encoding="UTF-8" ?>
<testsuite errors="0" failures="0" hostname="matrix" name="info.semanticsoftware.semassist.server.test.StringOutputBuilderTest" tests="1" time="0.435" timestamp="2011-04-21T15:58:09">
  <properties>
    <property name="java.vendor" value="Sun Microsystems Inc." />
    <property name="sun.java.launcher" value="SUN_STANDARD" />
    <property name="sun.management.compiler" value="HotSpot Tiered Compilers" />
    <property name="checkstyle.config" value="/usr/local/durmtools/checkstyle/durm_checks.xml" />
    <property name="compile.args" value="-Xlint" />
    <property name="ant.file.type.semassist-local" value="file" />
    <property name="protege-owl.home" value="..//Lib" />
    <property name="os.name" value="Linux" />
    <property name="sun.boot.class.path" value="/usr/local/durmtools/jdk1.6.0_24/jre/lib/resources.jar:/usr/local/durmtools/jdk1.6.0_24/jre/lib/rt.jar:/usr/local/durmtools/jdk1.6.0_24/jre/lib/sunrsasign.jar:/usr/local/durmtools/jdk1.6.0_24/jre/lib/jsse.jar:/usr/local/durmtools/jdk1.6.0_24/jre/lib/jce.jar:/usr/local/durmtools/jdk1.6.0_24/jre/lib/charsets.jar:/usr/local/durmtools/jdk1.6.0_24/jre/lib/modules/jdk.boot.jar:/usr/local/durmtools/jdk1.6.0_24/jre/classes" />
    <property name="server.pipeline.1.max.concurrent" value="3" />
    <property name="uno-copy-dest" value="/home/rene/Documents/uno-components" />
    <property name="findbugs.home" value="/usr/local/durmtools/findbugs" />
    <property name="office.home.dir" value="/usr/local/durmtools/OpenOffice" />
    <property name="gate.pipeline.repository" value="..//Resources/GatePipelines/" />
    <property name="ooo-classes-common" value="/usr/local/durmtools/OpenOffice/ure/share/java/" />
    <property name="java.vm.specification.vendor" value="Sun Microsystems Inc." />
    <property name="ant.home" value="/usr/local/durmtools/GATE/gate" />
    <property name="java.runtime.version" value="1.6.0_24-b07" />
    <property name="gate-home" value="/usr/local/durmtools/GATE/gate" />
    <property name="javadoc.home" value="..//Javadoc" />
    <property name="src.home" value="/home/rene/Repository/semantic-assist/Server/src" />
    <property name="user.name" value="rene" />
    <property name="ooo-classes-basis" value="/usr/local/durmtools/OpenOffice/basis3.2/program/classes/" />
    <property name="office.program.dir" value="/usr/local/durmtools/OpenOffice/program" />
    <property name="user.language" value="en" />
    <property name="protege.jar" value="..//Lib/protege.jar" />
    <property name="sun.boot.library.path" value="/usr/local/durmtools/jdk1.6.0_24/jre/lib/i386" />
    <property name="commons-lang.jar" value="..//Lib/commons-lang-2.4.jar" />
    <property name="junitDir" value="/home/rene/Repository/semantic-assist/Server/bin/JUnit" />
    <property name="ant.project.default-target" value="run" />
    <property name="docs.home" value="/home/rene/Repository/semantic-assist/Server/docs" />
    <property name="ant.project.name" value="Server" />
    <property name="java.version" value="1.6.0_24" />
    <property name="lib.home" value="..//Lib" />
    <property name="user.timezone" value="" />
    <property name="server.pipeline.1.startup" value="false" />
    <property name="sun.arch.data.model" value="32" />
    <property name="gate.jar" value="/usr/local/durmtools/GATE/gate/bin/gate.jar" />
    <property name="java.endorsed.dirs" value="/usr/local/durmtools/jdk1.6.0_24/jre/lib/endorsed" />
    <property name="sun.cpu.isalist" value="" />
    <property name="sun.jnu.encoding" value="UTF-8" />
    <property name="file.encoding.pkg" value="sun.io" />
    <property name="file.separator" value="/" />
    <property name="java.specification.name" value="Java Platform API Specification" />
    <property name="checkstyle.home" value="/usr/local/durmtools/checkstyle" />
    <property name="java.class.version" value="50.0" />
    <property name="build.home" value="/home/rene/Repository/semantic-assist/Server/bin" />
    <property name="eclipse.plugins" value="/usr/local/durmtools/eclipse/plugins" />
    <property name="runtime.maxmem" value="1238m" />
    <property name="user.country" value="CA" />
    <property name="ontology.repository" value="..//Resources/ont-repository/" />
    <property name="java.home" value="/usr/local/durmtools/jdk1.6.0_24/jre" />
    <property name="service.repository" value="..//Resources/OwlServiceDescriptions/" />
    <property name="java.vm.info" value="mixed mode" />
    <property name="checkstyle.report" value="checkstyle-result.xml" />
    <property name="ant.file" value="/home/rene/Repository/semantic-assist/Server/build.xml" />
    <property name="os.version" value="2.6.29.6-desktop-3mnb" />
    <property name="semassist.home" value="../" />
    <property name="runtime.heap.max" value="1238m" />
    <property name="path.separator" value=":" />
    <property name="pmd.lib" value="/usr/local/durmtools/pmd/lib" />
    <property name="java.vm.version" value="19.1-b02" />
    <property name="ant.library.dir" value="/usr/local/durmtools/GATE/gate/lib" />
    <property name="java.awt.printerjob" value="sun.print.PSPrinterJob" />
    <property name="sun.io.unicode.encoding" value="UnicodeLittle" />
    <property name="ant.jar" value="..//Lib/ant.jar" />
    <property name="durmtools" value="/usr/local/durmtools" />
    <property name="csal.name" value="CSAL.jar" />
    <property name="server.threads.allowed" value="3" />
    <property name="user.home" value="/home/rene" />
    <property name="eclipse.program.dir" value="/usr/local/durmtools/eclipse" />
    <property name="java.specification.vendor" value="Sun Microsystems Inc." />
    <property name="ant.file.Server" value="/home/rene/Repository/semantic-assist/Server/build.xml" />
    <property name="jaxws.home" value="/usr/local/durmtools/jaxws-ri" />
    <property name="java.vendor.url" value="http://java.sun.com/" />
    <property name="java.library.path" value="/usr/local/durmtools/jdk1.6.0_24/jre/lib/i386/server:/usr/local/durmtools/jdk1.6.0_24/jre/lib/i386:/usr/local/durmtools/jdk1.6.0_24/jre/../lib/i386:/usr/local/durmtools/lib:/home/rene/clac/claclibs:/usr/java/packages/lib/i386:/lib:/usr/lib" />
    <property name="java.vm.vendor" value="Sun Microsystems Inc." />
    <property name="findbugs.classpath" value="/usr/local/durmtools/findbugs/lib/findbugs-ant.jar" />
    <property name="tempDir" value="/home/rene/Repository/semantic-assist/Server/tmp" />
    <property name="java.runtime.name" value="Java(TM) SE Runtime Environment" />
    <property name="ant.version" value="Apache Ant version 1.8.1 compiled on April 30 2010" />
    <property name="java.class.path" value="/usr/local/durmtools/GATE/gate/lib/ant-launcher.jar:/home/rene/install/javachart-0.2.1/javachart-0.2.1.jar:/home/rene/Repository/semantic-assist/Server/./:/usr/local/durmtools/GATE/gate/lib/junit.jar:/usr/local/durmtools/GATE/gate/lib/bcprov-jdk15-1.45.jar:/usr/local/durmtools/GATE/gate/lib/fontbox-1.1.0.jar:/usr/local/durmtools/GATE/gate/lib/commons-lang-2.4.jar:/usr/local/durmtools/GATE/gate/lib/xpp3-1.1.3.3_min.jar:/usr/local/durmtools/GATE/gate/lib/ant-nodeps.jar:/usr/local/durmtools/GATE/gate/lib/spring-aop-2.0.8.jar:/usr/local/durmtools/GATE/gate/lib/geronimo-ws-metadata_2.0_spec-1.1.1.jar:/usr/local/durmtools/GATE/gate/lib/gateHmm.jar:/usr/local/durmtools/GATE/gate/lib/tika-parsers-0.7.jar:/usr/local/durmtools/GATE/gate/lib/tika-core-0.7.jar:/usr/local/durmtools/GATE/gate/lib/commons-discovery-0.2.jar:/usr/local/durmtools/GATE/gate/lib/gate-compiler-jdt.jar:/usr/local/durmtools/GATE/gate/lib/commons-io-1.4.jar:/usr/local/durmtools/GATE/gate/lib/concurrent.jar:/usr/local/durmtools/GATE/gate/lib/activation.jar:/usr/local/durmtools/GATE/gate/lib/pg73jdbc3.jar:/usr/local/durmtools/GATE/gate/lib/stax-api-1.0.1.jar:/usr/local/durmtools/GATE/gate/lib/pdfbox-1.1.0.jar:/usr/local/durmtools/GATE/gate/lib/poi-scratchpad-3.6.jar:/usr/local/durmtools/GATE/gate/lib/Bib2HTML.jar:/usr/local/durmtools/GATE/gate/lib/GnuGetOpt.jar:/usr/local/durmtools/GATE/gate/lib/jakarta-oro-2.0.5.jar:/usr/local/durmtools/GATE/gate/lib/lubm.jar:/usr/local/durmtools/GATE/gate/lib/jaxb-api-2.0.jar:/usr/local/durmtools/GATE/gate/lib/spring-beans-2.0.8.jar:/usr/local/durmtools/GATE/gate/lib/poi-ooxml-schemas-3.6.jar:/usr/local/durmtools/GATE/gate/lib/ant.jar:/usr/local/durmtools/GATE/gate/lib/log4j-1.2.14.jar:/usr/local/durmtools/GATE/gate/lib/dom4j-1.6.1.jar:/usr/local/durmtools/GATE/gate/lib/jaxen-1.1.jar:/usr/local/durmtools/GATE/gate/lib/spring-core-2.0.8.jar:/usr/local/durmtools/GATE/gate/lib/nekohtml-1.9.14.jar:/usr/local/durmtools/GATE/gate/lib/xstream-1.3.1.jar:/usr/local/durmtools/GATE/gate/lib/ant-contrib-1.0b2.jar:/usr/local/durmtools/GATE/gate/lib/ant-junit.jar:/usr/local/durmtools/GATE/gate/lib/commons-fileupload-1.0.jar:/usr/local/durmtools/GATE/gate/lib/poi-3.6.jar:/usr/local/durmtools/GATE/gate/lib/gate-asm.jar:/usr/local/durmtools/GATE/gate/lib/wstx-lgpl-3.2.3.jar:/usr/local/durmtools/GATE/gate/lib/jempbox-1.1.0.jar:/usr/local/durmtools/GATE/gate/lib/xercesImpl.jar:/usr/local/durmtools/GATE/gate/lib/jdom.jar:/usr/local/durmtools/GATE/gate/lib/commons-compress-1.0.jar:/usr/local/durmtools/GATE/gate/lib/javacc.jar:/usr/local/durmtools/GATE/gate/lib/lucene-core-3.0.1.jar:/usr/local/durmtools/GATE/gate/lib/mail.jar:/usr/local/durmtools/GATE/gate/lib/bcmail-jdk15-1.45.jar:/usr/local/durmtools/GATE/gate/lib/commons-logging-1.1.1.jar:/usr/local/durmtools/GATE/gate/lib/xmlbeans-2.3.0.jar:/usr/local/durmtools/GATE/gate/lib/icu4j.jar:/usr/local/durmtools/GATE/gate/lib/poi-ooxml-3.6.jar:/usr/local/durmtools/GATE/gate/lib/ant-launcher.jar:/usr/local/durmtools/GATE/gate/lib/jaxws-api-2.0.jar:/usr/local/durmtools/GATE/gate/lib/xmlunit-1.2.jar:/usr/local/durmtools/jdk1.6.0_24/lib/tools.jar" />
    <property name="server.port.wsdl" value="8879" />
    <property name="antruntime" value="false" />
    <property name="jdk.home" value="/usr/local/durmtools/jdk" />
    <property name="java.vm.specification.name" value="Java Virtual Machine Specification" />
    <property name="ant.file.type" value="file" />
    <property name="java.vm.specification.version" value="1.0" />
    <property name="protege.home" value="..//Lib" />
    <property name="ant.file.semassist-local" value="/home/rene/Repository/semantic-assist/LocalProperties.xml" />
    <property name="sun.os.patch.level" value="unknown" />
    <property name="sun.cpu.endian" value="little" />
    <property name="log4j.jar" value="..//Lib/log4j-1.2.14.jar" />
    <property name="java.io.tmpdir" value="/tmp" />
    <property name="pmd.home" value="/usr/local/durmtools/pmd" />
    <property name="dist.home" value="/home/rene/Repository/semantic-assist/Server/dist" />
    <property name="server.pipeline.1.name" value="ANNIE" />
    <property name="test.src" value="/home/rene/Repository/semantic-assist/Server/test.src" />
    <property name="java.vendor.url.bug" value="http://java.sun.com/cgi-bin/bugreport.cgi" />
    <property name="gate.user.file" value="..//Server/gate-home/user-gate.xml" />
    <property name="java.awt.graphicsenv" value="sun.awt.X11GraphicsEnvironment" />
    <property name="os.arch" value="i386" />
    <property name="java.ext.dirs" value="/usr/local/durmtools/jdk1.6.0_24/jre/lib/ext:/usr/java/packages/lib/ext" />
    <property name="runtime.heap.initial" value="128m" />
    <property name="gate.plugin.dir" value="/usr/local/durmtools/GATE/gate/plugins/" />
    <property name="user.dir" value="/home/rene/Repository/semantic-assist/Server" />
    <property name="server.pipeline.1.number.pooled" value="1" />
    <property name="line.separator" value="
" />
    <property name="java.vm.name" value="Java HotSpot(TM) Server VM" />
    <property name="basedir" value="/home/rene/Repository/semantic-assist/Server" />
    <property name="junit.home" value="/usr/local/durmtools/junit" />
    <property name="ant.java.version" value="1.6" />
    <property name="ant.core.lib" value="/usr/local/durmtools/GATE/gate/lib/ant.jar" />
    <property name="ant.file.type.Server" value="file" />
    <property name="file.encoding" value="UTF-8" />
    <property name="server.port.debug" value="8885" />
    <property name="ant.file.type.share" value="file" />
    <property name="checkstyle.classpath" value="/usr/local/durmtools/checkstyle/checkstyle-5.3-all.jar" />
    <property name="csal.home" value="..//CSAL" />
    <property name="java.specification.version" value="1.6" />
    <property name="ant.project.invoked-targets" value="junit" />
    <property name="ant.file.share" value="/home/rene/Repository/semantic-assist/SemassistProperties.xml" />
    <property name="server.pipeline.1.fullpath" value="..//Resources/GatePipelines/Annie/application.xgapp" />
  </properties>
  <testcase classname="info.semanticsoftware.semassist.server.test.StringOutputBuilderTest" name="testIllegalXMLCharacters" time="0.015" />
  <system-out><![CDATA[]]></system-out>
  <system-err><![CDATA[]]></system-err>
</testsuite>
